<?xml version="1.0" encoding="UTF-8"?>
<!-- Generated by org.testng.reporters.JUnitXMLReporter -->
<testsuite ignored="0" hostname="VINYA" failures="2" tests="16" name="Test" time="124.099" errors="0" timestamp="2022-11-21T17:36:00 IST">
  <testcase classname="Pom_Testcases.DWS_Apparel_Test" name="TC08" time="3.0"/>
  <testcase classname="Pom_Testcases.DWS_Computer_Test" name="TC06" time="1.524"/>
  <testcase classname="Pom_Testcases.DWS_ShoppingCart_Test" name="Tc05" time="3.02"/>
  <testcase classname="Pom_Testcases.DWS_Register_Test" name="TC02" time="1.123"/>
  <testcase classname="Pom_Testcases.DWS_Favtag_Test" name="TC15" time="2.158"/>
  <testcase classname="Pom_Testcases.DWS_Jewelry_Test" name="TC10" time="3.525"/>
  <testcase classname="Pom_Testcases.DWS_Login_Test" name="TC01" time="0.004">
    <failure type="java.lang.Error" message="Unresolved compilation problems: 
	Syntax error, insert &amp;quot;AssignmentOperator Expression&amp;quot; to complete Assignment
	Syntax error, insert &amp;quot;;&amp;quot; to complete BlockStatements
	The left-hand side of an assignment must be a variable
">
      <![CDATA[java.lang.Error: Unresolved compilation problems: 
Syntax error, insert "AssignmentOperator Expression" to complete Assignment
Syntax error, insert ";" to complete BlockStatements
The left-hand side of an assignment must be a variable

at Pom_Testcases.DWS_Login_Test.TC01(DWS_Login_Test.java:22)
at java.base/java.util.ArrayList.forEach(ArrayList.java:1511)
... Removed 25 stack frames]]>
    </failure>
  </testcase> <!-- TC01 -->
  <testcase classname="Pom_Testcases.DWS_Login_Test" name="TC01" time="0.002">
    <failure type="java.lang.Error" message="Unresolved compilation problems: 
	Syntax error, insert &amp;quot;AssignmentOperator Expression&amp;quot; to complete Assignment
	Syntax error, insert &amp;quot;;&amp;quot; to complete BlockStatements
	The left-hand side of an assignment must be a variable
">
      <![CDATA[java.lang.Error: Unresolved compilation problems: 
Syntax error, insert "AssignmentOperator Expression" to complete Assignment
Syntax error, insert ";" to complete BlockStatements
The left-hand side of an assignment must be a variable

at Pom_Testcases.DWS_Login_Test.TC01(DWS_Login_Test.java:22)
at java.base/java.util.ArrayList.forEach(ArrayList.java:1511)
... Removed 25 stack frames]]>
    </failure>
  </testcase> <!-- TC01 -->
  <testcase classname="Pom_Testcases.DWS_Subscribe_Test" name="TC13" time="0.267"/>
  <testcase classname="Pom_Testcases.DWS_Book_Test" name="Tc04" time="3.295"/>
  <testcase classname="Pom_Testcases.DWS_Advsearch_Test" name="TC12" time="2.511"/>
  <testcase classname="Pom_Testcases.DWS_Vote_Test" name="TC14" time="0.154"/>
  <testcase classname="Pom_Testcases.DWS_Electronics_Test" name="TC07" time="1.74"/>
  <testcase classname="Pom_Testcases.DWS_Search_Test" name="TC03" time="1.396"/>
  <testcase classname="Pom_Testcases.DWS_Giftcards_Test" name="TC11" time="3.201"/>
  <testcase classname="Pom_Testcases.DWS_Digital_Test" name="TC09" time="3.148"/>
</testsuite> <!-- Test -->
